<?xml version="1.0" encoding="UTF-8"?>
<testng-results ignored="0" total="1" passed="1" failed="0" skipped="0">
  <reporter-output>
  </reporter-output>
  <suite started-at="2021-11-17T23:40:22 GMT-08:00" name="Default suite" finished-at="2021-11-17T23:40:45 GMT-08:00" duration-ms="23134">
    <groups>
      <group name="cucumber">
        <method signature="AbstractTestNGCucumberTests.runScenario(io.cucumber.testng.PickleWrapper, io.cucumber.testng.FeatureWrapper)[pri:0, instance:runners.CRMRunner@5fbdfdcf]" name="runScenario" class="io.cucumber.testng.AbstractTestNGCucumberTests"/>
      </group> <!-- cucumber -->
    </groups>
    <test started-at="2021-11-17T23:40:22 GMT-08:00" name="Default test" finished-at="2021-11-17T23:40:45 GMT-08:00" duration-ms="23134">
      <class name="runners.CRMRunner">
        <test-method is-config="true" signature="setUpClass()[pri:0, instance:runners.CRMRunner@5fbdfdcf]" started-at="2021-11-17T23:40:22 GMT-08:00" name="setUpClass" finished-at="2021-11-17T23:40:24 GMT-08:00" duration-ms="1895" status="PASS">
          <reporter-output>
          </reporter-output>
        </test-method> <!-- setUpClass -->
        <test-method signature="runScenario(io.cucumber.testng.PickleWrapper, io.cucumber.testng.FeatureWrapper)[pri:0, instance:runners.CRMRunner@5fbdfdcf]" started-at="2021-11-17T23:40:24 GMT-08:00" name="runScenario" description="Runs Cucumber Scenarios" data-provider="scenarios" finished-at="2021-11-17T23:40:42 GMT-08:00" duration-ms="18430" status="PASS">
          <params>
            <param index="0">
              <value>
                <![CDATA["Create a Contact"]]>
              </value>
            </param>
            <param index="1">
              <value>
                <![CDATA["Optional[Contact Management]"]]>
              </value>
            </param>
          </params>
          <reporter-output>
          </reporter-output>
        </test-method> <!-- runScenario -->
        <test-method is-config="true" signature="tearDownClass()[pri:0, instance:runners.CRMRunner@5fbdfdcf]" started-at="2021-11-17T23:40:42 GMT-08:00" name="tearDownClass" finished-at="2021-11-17T23:40:45 GMT-08:00" duration-ms="2683" status="PASS">
          <reporter-output>
          </reporter-output>
        </test-method> <!-- tearDownClass -->
      </class> <!-- runners.CRMRunner -->
    </test> <!-- Default test -->
  </suite> <!-- Default suite -->
</testng-results>
